
MCMC_GT (gt2, gt1) -mr 2 -cl 1100 -bl 100 -sf 100 -pp 1000 -pl 8 -sd 4321
Iteration;    Posterior;  ESS;    Likelihood;    Prior;  ESS;    #Reticulation
0;	-2.00000;	0.00000;	0.00000;	-2.00000;	0.00000;	0;
(A:1.0,B:1.0);
1;	-1.96040;	1.00000;	0.00000;	-1.96040;	1.00000;	0;
(A:0.9891252317093207,B:0.971270271896962);
2;	0.53147;	2.00000;	0.00000;	0.53147;	2.00000;	2;
((((B:0.5946130045048212)I1#H2:0.5210098714997229::0.9154944676294443,(A:0.11037306321046192)I2#H1:0.2696762041137862::0.005753148604108704)I4:0.4800486162144393,I2#H1:0.2784243892221122::0.9942468513958913)I3:0.22728021926252737,I1#H2:0.41594593534482693::0.08450553237055569)I0;
3;	0.66027;	3.00000;	0.00000;	0.66027;	3.00000;	2;
(((B:0.5892335880240442)I1#H1:0.6853302218794601::0.8877418326912472,(A:0.3105407969603755)I2#H2:7.942343654646628E-4::0.9678716149622358)I4:0.08004700832925851,(I1#H1:0.5270740502421624::0.11225816730875282,I2#H2:0.7282262999209799::0.03212838503776416)I3:0.13941557877143423)I0;
4;	0.68223;	4.00000;	0.00000;	0.68223;	4.00000;	2;
(((((B:0.21026073014915325)I1#H1:0.295994753301692::0.8181993619774365)I4#H2:0.06091148982563568::0.956864680840551,I1#H1:1.015616419717437::0.18180063802256352)I3:0.11685576693475276,A:0.8399660743678816)I2:0.02095107402198721,I4#H2:0.5267715215973963::0.043135319159449015)I0;
5;	-0.28659;	5.00000;	0.00000;	-0.28659;	5.00000;	2;
(((A:0.30315119423106607)I2#H2:0.4088722447204311::0.008083842834990973)I3#H1:0.3189507047229097::0.7229131122834848,(I2#H2:0.7138409014188548::0.991916157165009,(I3#H1:0.0420929815349671::0.27708688771651524,B:0.6226278629005421)I1:0.761077713590813)I0:0.21782375705241525)I4;
6;	-0.44602;	6.00000;	0.00000;	-0.44602;	6.00000;	2;
(((B:0.7489132915808268)I0#H1:0.7499301706925559::0.0816043235339485,((I0#H1:0.9777983297861825::0.9183956764660515,A:0.062455025680954644)I1:0.26218912677689094)I2#H2:0.08517658547839665::0.8015336230518241)I3:0.22728682780831574,I2#H2:0.522996260864017::0.1984663769481759)I4;
7;	-0.28616;	7.00000;	0.00000;	-0.28616;	7.00000;	2;
((((A:0.38554638562511323)I3#H1:0.46787136907574034::0.08301249572213587,(B:0.6763465525903234)I2#H2:0.8848752128250891::0.7974763519520265)I0:0.3783154686764358,I3#H1:0.21826529330322378::0.9169875042778641)I4:0.05455781483359088,I2#H2:0.4697318057107409::0.20252364804797351)I1;
8;	-0.36187;	8.00000;	-0.00000;	-0.36187;	8.00000;	2;
(((((A:0.04314461951518826,B:0.009442281247283312)I3:0.7636763158827357)I2#H1:0.743032559983563::0.9358013740887121)I4#H2:0.44583930308073455::0.8044936065872013,I2#H1:0.026380781776223494::0.06419862591128789)I0:0.3094700109142154,I4#H2:1.0758031749389594::0.19550639341279874)I1;
9;	-2.10965;	9.00000;	0.00000;	-2.10965;	9.00000;	2;
(((A:0.4162676851870361,((B:0.010709670473779865)I3#H2:0.3362355297412155::0.20333903888471827)I2#H1:1.5558387345127829::0.9029322099361206)I4:0.06927552270393134,I2#H1:0.7854393615964924::0.09706779006387944)I0:0.017765221336752724,I3#H2:0.3148626139536699::0.7966609611152817)I1;
10;	-1.06365;	7.64137;	0.00000;	-1.06365;	7.64137;	2;
((B:0.06829050190227257)I4#H1:0.7210643361776363::0.9200509144509059,((I4#H1:0.025020072874672252::0.07994908554909408)I1#H2:1.0433312785157085::0.6648916439671194,(I1#H2:0.273482730060505::0.3351083560328806,A:0.9825183351227516)I3:0.39506680897639296)I2:0.07743006398107222)I0;
11;	0.02757;	11.00000;	0.00000;	0.02757;	11.00000;	2;
(((A:0.6268710867535932)I0#H2:0.5099939190566198::0.15009161443979513)I3#H1:0.32642097535955517::0.6539847449718441,(B:1.396720791871113,(I3#H1:0.18015223565125488::0.34601525502815583,I0#H2:0.7179625423626289::0.8499083855602049)I4:0.08169131518281289)I2:0.003187264926891154)I1;
----------------------- Summarization: -----------------------
Burn-in = 100, Chain length = 1100, Sample size = 10 Acceptance rate = 0.69000 
         --------------- Operations ---------------
Operation:Move-Head; Used:118; Accepted:25 ACrate:0.211864406779661
Operation:Change-Length; Used:563; Accepted:560 ACrate:0.9946714031971581
Operation:Add-Reticulation; Used:4; Accepted:2 ACrate:0.5
Operation:Flip-Reticulation; Used:125; Accepted:47 ACrate:0.376
Operation:Change-Probability; Used:111; Accepted:111 ACrate:1.0
Operation:Move-Tail; Used:177; Accepted:14 ACrate:0.07909604519774012
Operation:Delete-Reticulation; Used:2; Accepted:0 ACrate:0.0

Overall MAP = 0.6822275341052104
(((((B:0.21026073014915325)I1#H1:0.295994753301692::0.8181993619774365)I4#H2:0.06091148982563568::0.956864680840551,I1#H1:1.015616419717437::0.18180063802256352)I3:0.11685576693475276,A:0.8399660743678816)I2:0.02095107402198721,I4#H2:0.5267715215973963::0.043135319159449015)I0;
         -------------- 95% credible set of topologies: --------------
Rank = 0; Size = 2; Percent = 20.00; MAP = -1.063651283597518:((B:0.06829050190227257)I4#H1:0.7210643361776363::0.9200509144509059,((I4#H1:0.025020072874672252::0.07994908554909408)I1#H2:1.0433312785157085::0.6648916439671194,(I1#H2:0.273482730060505::0.3351083560328806,A:0.9825183351227516)I3:0.39506680897639296)I2:0.07743006398107222)I0; Ave=-1.5866487255247752; ((B:0.039500086188026216)I3#H1:0.5179634750656531::0.8983304805576409,((I3#H1:0.18062780130794387::0.10166951944235914)I2#H2:0.9143853200561005::0.04853389503193972,(I2#H2:0.9146607322866439::0.9514661049680603,A:0.6993930101548939)I4:0.23217116584016215)I0:0.04759764265891247)I1;
Rank = 1; Size = 2; Percent = 20.00; MAP = 0.5314742578706357:((((B:0.5946130045048212)I1#H2:0.5210098714997229::0.9154944676294443,(A:0.11037306321046192)I2#H1:0.2696762041137862::0.005753148604108704)I4:0.4800486162144393,I2#H1:0.2784243892221122::0.9942468513958913)I3:0.22728021926252737,I1#H2:0.41594593534482693::0.08450553237055569)I0; Ave=0.12265566762215507; ((B:0.6354797785475723)I1#H1:0.4428388705277839::0.042252766185277846,((A:0.24795972441778757)I2#H2:0.24834484126266798::0.9971234256979457,(I2#H2:0.36877378659476323::0.002876574302054352,I1#H1:0.702942542162406::0.9577472338147222)I4:0.42918204244543756)I3:0.14091901704805912)I0;
Rank = 2; Size = 1; Percent = 10.00; MAP = 0.6602676540125558:(((B:0.5892335880240442)I1#H1:0.6853302218794601::0.8877418326912472,(A:0.3105407969603755)I2#H2:7.942343654646628E-4::0.9678716149622358)I4:0.08004700832925851,(I1#H1:0.5270740502421624::0.11225816730875282,I2#H2:0.7282262999209799::0.03212838503776416)I3:0.13941557877143423)I0; Ave=0.6602676540125558; (((A:0.3105407969603755)I2#H1:0.7282262999209799::0.03212838503776416,(B:0.5892335880240442)I1#H2:0.5270740502421624::0.11225816730875282)I3:0.13941557877143423,(I2#H1:7.942343654646628E-4::0.9678716149622358,I1#H2:0.6853302218794601::0.8877418326912472)I4:0.08004700832925851)I0;
Rank = 3; Size = 1; Percent = 10.00; MAP = 0.027571473941696567:(((A:0.6268710867535932)I0#H2:0.5099939190566198::0.15009161443979513)I3#H1:0.32642097535955517::0.6539847449718441,(B:1.396720791871113,(I3#H1:0.18015223565125488::0.34601525502815583,I0#H2:0.7179625423626289::0.8499083855602049)I4:0.08169131518281289)I2:0.003187264926891154)I1; Ave=0.027571473941696567; ((((A:0.6268710867535932)I0#H1:0.7179625423626289::0.8499083855602049,(I0#H1:0.5099939190566198::0.15009161443979513)I3#H2:0.18015223565125488::0.34601525502815583)I4:0.08169131518281289,B:1.396720791871113)I2:0.003187264926891154,I3#H2:0.32642097535955517::0.6539847449718441)I1;
Rank = 4; Size = 1; Percent = 10.00; MAP = -0.36187476799814555:(((((A:0.04314461951518826,B:0.009442281247283312)I3:0.7636763158827357)I2#H1:0.743032559983563::0.9358013740887121)I4#H2:0.44583930308073455::0.8044936065872013,I2#H1:0.026380781776223494::0.06419862591128789)I0:0.3094700109142154,I4#H2:1.0758031749389594::0.19550639341279874)I1; Ave=-0.36187476799814555; ((((B:0.009442281247283312,A:0.04314461951518826)I3:0.7636763158827357)I2#H2:0.743032559983563::0.9358013740887121)I4#H1:1.0758031749389594::0.19550639341279874,(I2#H2:0.026380781776223494::0.06419862591128789,I4#H1:0.44583930308073455::0.8044936065872013)I0:0.3094700109142154)I1;
Rank = 5; Size = 1; Percent = 10.00; MAP = -0.2865907118725266:(((A:0.30315119423106607)I2#H2:0.4088722447204311::0.008083842834990973)I3#H1:0.3189507047229097::0.7229131122834848,(I2#H2:0.7138409014188548::0.991916157165009,(I3#H1:0.0420929815349671::0.27708688771651524,B:0.6226278629005421)I1:0.761077713590813)I0:0.21782375705241525)I4; Ave=-0.2865907118725266; (((B:0.6226278629005421,((A:0.30315119423106607)I2#H1:0.4088722447204311::0.008083842834990973)I3#H2:0.0420929815349671::0.27708688771651524)I1:0.761077713590813,I2#H1:0.7138409014188548::0.991916157165009)I0:0.21782375705241525,I3#H2:0.3189507047229097::0.7229131122834848)I4;
Rank = 6; Size = 1; Percent = 10.00; MAP = 0.6822275341052104:(((((B:0.21026073014915325)I1#H1:0.295994753301692::0.8181993619774365)I4#H2:0.06091148982563568::0.956864680840551,I1#H1:1.015616419717437::0.18180063802256352)I3:0.11685576693475276,A:0.8399660743678816)I2:0.02095107402198721,I4#H2:0.5267715215973963::0.043135319159449015)I0; Ave=0.6822275341052104; (((B:0.21026073014915325)I1#H2:0.295994753301692::0.8181993619774365)I4#H1:0.5267715215973963::0.043135319159449015,(A:0.8399660743678816,(I1#H2:1.015616419717437::0.18180063802256352,I4#H1:0.06091148982563568::0.956864680840551)I3:0.11685576693475276)I2:0.02095107402198721)I0;
Rank = 7; Size = 1; Percent = 10.00; MAP = -0.4460200924377067:(((B:0.7489132915808268)I0#H1:0.7499301706925559::0.0816043235339485,((I0#H1:0.9777983297861825::0.9183956764660515,A:0.062455025680954644)I1:0.26218912677689094)I2#H2:0.08517658547839665::0.8015336230518241)I3:0.22728682780831574,I2#H2:0.522996260864017::0.1984663769481759)I4; Ave=-0.4460200924377067; (((A:0.062455025680954644,(B:0.7489132915808268)I0#H2:0.9777983297861825::0.9183956764660515)I1:0.26218912677689094)I2#H1:0.522996260864017::0.1984663769481759,(I2#H1:0.08517658547839665::0.8015336230518241,I0#H2:0.7499301706925559::0.0816043235339485)I3:0.22728682780831574)I4;


Total elapsed time : 0.93700 s

